# Logfile created on 2018-05-31 13:26:23 -0400 by logger.rb/56815
  INFO ---------------------------------------------------------------------------
  INFO START 2018-05-31 13:26:23 -0400 cap production deploy
  INFO ---------------------------------------------------------------------------
 DEBUG [0cf50449] Running /usr/bin/env which passenger as deploy@kasper
 DEBUG [0cf50449] Command: /usr/bin/env which passenger
 DEBUG [0cf50449] Finished in 1.520 seconds with exit status 1 (failed).
 DEBUG [a9752003] Running /usr/local/rvm/bin/rvm version as deploy@kasper
 DEBUG [a9752003] Command: /usr/local/rvm/bin/rvm version
 DEBUG [a9752003] 	rvm 1.29.3 (master) by Michal Papis, Piotr Kuczynski, Wayne E. Seguin [https://rvm.io]
 DEBUG [a9752003] Finished in 0.522 seconds with exit status 0 (successful).
 DEBUG [9792aef3] Running /usr/local/rvm/bin/rvm current as deploy@kasper
 DEBUG [9792aef3] Command: /usr/local/rvm/bin/rvm current
 DEBUG [9792aef3] 	ruby-2.5.1
 DEBUG [9792aef3] Finished in 0.522 seconds with exit status 0 (successful).
 DEBUG [c03ebcd0] Running /usr/local/rvm/bin/rvm default do ruby --version as deploy@kasper
 DEBUG [c03ebcd0] Command: /usr/local/rvm/bin/rvm default do ruby --version
 DEBUG [c03ebcd0] 	ruby 2.5.1p57 (2018-03-29 revision 63029) [x86_64-linux]
 DEBUG [c03ebcd0] Finished in 0.596 seconds with exit status 0 (successful).
  INFO [2bc21b24] Running /usr/bin/env mkdir -p /tmp as deploy@kasper
 DEBUG [2bc21b24] Command: /usr/bin/env mkdir -p /tmp
  INFO [2bc21b24] Finished in 0.583 seconds with exit status 0 (successful).
 DEBUG Uploading /tmp/git-ssh-chainreact_docs-production-ethan.sh 0.0%
  INFO Uploading /tmp/git-ssh-chainreact_docs-production-ethan.sh 100.0%
  INFO [b16e0778] Running /usr/bin/env chmod 700 /tmp/git-ssh-chainreact_docs-production-ethan.sh as deploy@kasper
 DEBUG [b16e0778] Command: /usr/bin/env chmod 700 /tmp/git-ssh-chainreact_docs-production-ethan.sh
  INFO [b16e0778] Finished in 0.406 seconds with exit status 0 (successful).
  INFO [eeb2a517] Running /usr/bin/env git ls-remote https://github.com/wikirate/chainreact_docs.git HEAD as deploy@kasper
 DEBUG [eeb2a517] Command: ( export GIT_ASKPASS="/bin/echo" GIT_SSH="/tmp/git-ssh-chainreact_docs-production-ethan.sh" ; /usr/bin/env git ls-remote https://github.com/wikirate/chainreact_docs.git HEAD )
 DEBUG [eeb2a517] 	bf0c2f92afbbe49e6b393924807ae19437165412	HEAD
  INFO [eeb2a517] Finished in 1.019 seconds with exit status 0 (successful).
  INFO [cc140987] Running /usr/bin/env mkdir -p /srv/chainreact_docs/shared /srv/chainreact_docs/releases as deploy@kasper
 DEBUG [cc140987] Command: /usr/bin/env mkdir -p /srv/chainreact_docs/shared /srv/chainreact_docs/releases
  INFO [cc140987] Finished in 0.402 seconds with exit status 0 (successful).
  INFO [e7aae7a1] Running /usr/bin/env mkdir -p /srv/chainreact_docs/shared/files /srv/chainreact_docs/shared/public /srv/chainreact_docs/shared/config as deploy@kasper
 DEBUG [e7aae7a1] Command: /usr/bin/env mkdir -p /srv/chainreact_docs/shared/files /srv/chainreact_docs/shared/public /srv/chainreact_docs/shared/config
  INFO [e7aae7a1] Finished in 0.402 seconds with exit status 0 (successful).
 DEBUG [baf8e986] Running [ -f /srv/chainreact_docs/current/REVISION ] as deploy@kasper
 DEBUG [baf8e986] Command: [ -f /srv/chainreact_docs/current/REVISION ]
 DEBUG [baf8e986] Finished in 0.414 seconds with exit status 1 (failed).
 DEBUG [a49b6f5f] Running [ -f /srv/chainreact_docs/repo/HEAD ] as deploy@kasper
 DEBUG [a49b6f5f] Command: [ -f /srv/chainreact_docs/repo/HEAD ]
 DEBUG [a49b6f5f] Finished in 0.402 seconds with exit status 1 (failed).
 DEBUG [4c0b923e] Running if test ! -d /srv/chainreact_docs; then echo "Directory does not exist '/srv/chainreact_docs'" 1>&2; false; fi as deploy@kasper
 DEBUG [4c0b923e] Command: if test ! -d /srv/chainreact_docs; then echo "Directory does not exist '/srv/chainreact_docs'" 1>&2; false; fi
 DEBUG [4c0b923e] Finished in 0.403 seconds with exit status 0 (successful).
  INFO [4320c6c9] Running /usr/bin/env git clone --mirror https://github.com/wikirate/chainreact_docs.git /srv/chainreact_docs/repo as deploy@kasper
 DEBUG [4320c6c9] Command: cd /srv/chainreact_docs && ( export GIT_ASKPASS="/bin/echo" GIT_SSH="/tmp/git-ssh-chainreact_docs-production-ethan.sh" ; /usr/bin/env git clone --mirror https://github.com/wikirate/chainreact_docs.git /srv/chainreact_docs/repo )
 DEBUG [4320c6c9] 	Cloning into bare repository '/srv/chainreact_docs/repo'...
  INFO [4320c6c9] Finished in 1.299 seconds with exit status 0 (successful).
 DEBUG [bfacf08f] Running if test ! -d /srv/chainreact_docs/repo; then echo "Directory does not exist '/srv/chainreact_docs/repo'" 1>&2; false; fi as deploy@kasper
 DEBUG [bfacf08f] Command: if test ! -d /srv/chainreact_docs/repo; then echo "Directory does not exist '/srv/chainreact_docs/repo'" 1>&2; false; fi
 DEBUG [bfacf08f] Finished in 0.403 seconds with exit status 0 (successful).
  INFO [0347fd5a] Running /usr/bin/env git remote set-url origin https://github.com/wikirate/chainreact_docs.git as deploy@kasper
 DEBUG [0347fd5a] Command: cd /srv/chainreact_docs/repo && ( export GIT_ASKPASS="/bin/echo" GIT_SSH="/tmp/git-ssh-chainreact_docs-production-ethan.sh" ; /usr/bin/env git remote set-url origin https://github.com/wikirate/chainreact_docs.git )
  INFO [0347fd5a] Finished in 0.410 seconds with exit status 0 (successful).
  INFO [9d06e4ad] Running /usr/bin/env git remote update --prune as deploy@kasper
 DEBUG [9d06e4ad] Command: cd /srv/chainreact_docs/repo && ( export GIT_ASKPASS="/bin/echo" GIT_SSH="/tmp/git-ssh-chainreact_docs-production-ethan.sh" ; /usr/bin/env git remote update --prune )
 DEBUG [9d06e4ad] 	Fetching origin
  INFO [9d06e4ad] Finished in 1.038 seconds with exit status 0 (successful).
 DEBUG [49ba1370] Running if test ! -d /srv/chainreact_docs/repo; then echo "Directory does not exist '/srv/chainreact_docs/repo'" 1>&2; false; fi as deploy@kasper
 DEBUG [49ba1370] Command: if test ! -d /srv/chainreact_docs/repo; then echo "Directory does not exist '/srv/chainreact_docs/repo'" 1>&2; false; fi
 DEBUG [49ba1370] Finished in 0.406 seconds with exit status 0 (successful).
  INFO [657fee8c] Running /usr/bin/env mkdir -p /srv/chainreact_docs/releases/20180531172631 as deploy@kasper
 DEBUG [657fee8c] Command: cd /srv/chainreact_docs/repo && ( export GIT_ASKPASS="/bin/echo" GIT_SSH="/tmp/git-ssh-chainreact_docs-production-ethan.sh" ; /usr/bin/env mkdir -p /srv/chainreact_docs/releases/20180531172631 )
  INFO [657fee8c] Finished in 0.412 seconds with exit status 0 (successful).
  INFO [977db281] Running /usr/bin/env git archive master | /usr/bin/env tar -x -f - -C /srv/chainreact_docs/releases/20180531172631 as deploy@kasper
 DEBUG [977db281] Command: cd /srv/chainreact_docs/repo && ( export GIT_ASKPASS="/bin/echo" GIT_SSH="/tmp/git-ssh-chainreact_docs-production-ethan.sh" ; /usr/bin/env git archive master | /usr/bin/env tar -x -f - -C /srv/chainreact_docs/releases/20180531172631 )
  INFO [977db281] Finished in 0.406 seconds with exit status 0 (successful).
 DEBUG [96fb43f8] Running test -f /srv/chainreact_docs/releases/20180531172631/.gitmodules as deploy@kasper
 DEBUG [96fb43f8] Command: ( export GIT_ASKPASS="/bin/echo" GIT_SSH="/tmp/git-ssh-chainreact_docs-production-ethan.sh" GIT_DIR="/srv/chainreact_docs/repo" GIT_WORK_TREE="/srv/chainreact_docs/releases/20180531172631" GIT_INDEX_FILE="/srv/chainreact_docs/releases/20180531172631/TEMP_INDEX_20180531172631" ; test -f /srv/chainreact_docs/releases/20180531172631/.gitmodules )
 DEBUG [96fb43f8] Finished in 0.404 seconds with exit status 0 (successful).
 DEBUG [1ebf7767] Running if test ! -d /srv/chainreact_docs/releases/20180531172631; then echo "Directory does not exist '/srv/chainreact_docs/releases/20180531172631'" 1>&2; false; fi as deploy@kasper
 DEBUG [1ebf7767] Command: if test ! -d /srv/chainreact_docs/releases/20180531172631; then echo "Directory does not exist '/srv/chainreact_docs/releases/20180531172631'" 1>&2; false; fi
 DEBUG [1ebf7767] Finished in 0.414 seconds with exit status 0 (successful).
  INFO [562d3810] Running /usr/bin/env git reset --mixed --quiet master -- as deploy@kasper
 DEBUG [562d3810] Command: cd /srv/chainreact_docs/releases/20180531172631 && ( export GIT_ASKPASS="/bin/echo" GIT_SSH="/tmp/git-ssh-chainreact_docs-production-ethan.sh" GIT_DIR="/srv/chainreact_docs/repo" GIT_WORK_TREE="/srv/chainreact_docs/releases/20180531172631" GIT_INDEX_FILE="/srv/chainreact_docs/releases/20180531172631/TEMP_INDEX_20180531172631" ; /usr/bin/env git reset --mixed --quiet master -- )
  INFO [562d3810] Finished in 0.407 seconds with exit status 0 (successful).
  INFO [6d1bdd4f] Running /usr/bin/env git submodule sync; git submodule update; git submodule sync --recursive; git submodule update --init --checkout --recursive --quiet as deploy@kasper
 DEBUG [6d1bdd4f] Command: cd /srv/chainreact_docs/releases/20180531172631 && ( export GIT_ASKPASS="/bin/echo" GIT_SSH="/tmp/git-ssh-chainreact_docs-production-ethan.sh" GIT_DIR="/srv/chainreact_docs/repo" GIT_WORK_TREE="/srv/chainreact_docs/releases/20180531172631" GIT_INDEX_FILE="/srv/chainreact_docs/releases/20180531172631/TEMP_INDEX_20180531172631" ; /usr/bin/env git submodule sync; git submodule update; git submodule sync --recursive; git submodule update --init --checkout --recursive --quiet )
  INFO [6d1bdd4f] Finished in 48.650 seconds with exit status 0 (successful).
  INFO [73e1645d] Running /usr/bin/env find /srv/chainreact_docs/releases/20180531172631 -name '.git' | xargs -I {} rm -rf '{}' as deploy@kasper
 DEBUG [73e1645d] Command: cd /srv/chainreact_docs/releases/20180531172631 && ( export GIT_ASKPASS="/bin/echo" GIT_SSH="/tmp/git-ssh-chainreact_docs-production-ethan.sh" GIT_DIR="/srv/chainreact_docs/repo" GIT_WORK_TREE="/srv/chainreact_docs/releases/20180531172631" GIT_INDEX_FILE="/srv/chainreact_docs/releases/20180531172631/TEMP_INDEX_20180531172631" ; /usr/bin/env find /srv/chainreact_docs/releases/20180531172631 -name '.git' | xargs -I {} rm -rf '{}' )
  INFO [73e1645d] Finished in 0.433 seconds with exit status 0 (successful).
  INFO [b64c5116] Running /usr/bin/env rm -f /srv/chainreact_docs/releases/20180531172631/TEMP_INDEX_20180531172631 as deploy@kasper
 DEBUG [b64c5116] Command: cd /srv/chainreact_docs/releases/20180531172631 && ( export GIT_ASKPASS="/bin/echo" GIT_SSH="/tmp/git-ssh-chainreact_docs-production-ethan.sh" GIT_DIR="/srv/chainreact_docs/repo" GIT_WORK_TREE="/srv/chainreact_docs/releases/20180531172631" GIT_INDEX_FILE="/srv/chainreact_docs/releases/20180531172631/TEMP_INDEX_20180531172631" ; /usr/bin/env rm -f /srv/chainreact_docs/releases/20180531172631/TEMP_INDEX_20180531172631 )
  INFO [b64c5116] Finished in 0.406 seconds with exit status 0 (successful).
 DEBUG [0ea3894c] Running if test ! -d /srv/chainreact_docs/repo; then echo "Directory does not exist '/srv/chainreact_docs/repo'" 1>&2; false; fi as deploy@kasper
 DEBUG [0ea3894c] Command: if test ! -d /srv/chainreact_docs/repo; then echo "Directory does not exist '/srv/chainreact_docs/repo'" 1>&2; false; fi
 DEBUG [0ea3894c] Finished in 0.402 seconds with exit status 0 (successful).
 DEBUG [1531089d] Running /usr/bin/env git rev-list --max-count=1 master as deploy@kasper
 DEBUG [1531089d] Command: cd /srv/chainreact_docs/repo && ( export GIT_ASKPASS="/bin/echo" GIT_SSH="/tmp/git-ssh-chainreact_docs-production-ethan.sh" ; /usr/bin/env git rev-list --max-count=1 master )
 DEBUG [1531089d] 	bf0c2f92afbbe49e6b393924807ae19437165412
 DEBUG [1531089d] Finished in 0.405 seconds with exit status 0 (successful).
 DEBUG [1d4f1379] Running if test ! -d /srv/chainreact_docs/releases/20180531172631; then echo "Directory does not exist '/srv/chainreact_docs/releases/20180531172631'" 1>&2; false; fi as deploy@kasper
 DEBUG [1d4f1379] Command: if test ! -d /srv/chainreact_docs/releases/20180531172631; then echo "Directory does not exist '/srv/chainreact_docs/releases/20180531172631'" 1>&2; false; fi
 DEBUG [1d4f1379] Finished in 0.409 seconds with exit status 0 (successful).
  INFO [43860504] Running /usr/bin/env echo "bf0c2f92afbbe49e6b393924807ae19437165412" > REVISION as deploy@kasper
 DEBUG [43860504] Command: cd /srv/chainreact_docs/releases/20180531172631 && /usr/bin/env echo "bf0c2f92afbbe49e6b393924807ae19437165412" > REVISION
  INFO [43860504] Finished in 0.530 seconds with exit status 0 (successful).
  INFO [2a1388a0] Running /usr/bin/env mkdir -p /srv/chainreact_docs/releases/20180531172631 as deploy@kasper
 DEBUG [2a1388a0] Command: /usr/bin/env mkdir -p /srv/chainreact_docs/releases/20180531172631
  INFO [2a1388a0] Finished in 0.404 seconds with exit status 0 (successful).
 DEBUG [8ea4ea4b] Running [ -L /srv/chainreact_docs/releases/20180531172631/files ] as deploy@kasper
 DEBUG [8ea4ea4b] Command: [ -L /srv/chainreact_docs/releases/20180531172631/files ]
 DEBUG [8ea4ea4b] Finished in 0.402 seconds with exit status 1 (failed).
 DEBUG [0a33cff5] Running [ -d /srv/chainreact_docs/releases/20180531172631/files ] as deploy@kasper
 DEBUG [0a33cff5] Command: [ -d /srv/chainreact_docs/releases/20180531172631/files ]
 DEBUG [0a33cff5] Finished in 0.406 seconds with exit status 1 (failed).
  INFO [07ddf87d] Running /usr/bin/env ln -s /srv/chainreact_docs/shared/files /srv/chainreact_docs/releases/20180531172631/files as deploy@kasper
 DEBUG [07ddf87d] Command: /usr/bin/env ln -s /srv/chainreact_docs/shared/files /srv/chainreact_docs/releases/20180531172631/files
  INFO [07ddf87d] Finished in 0.406 seconds with exit status 0 (successful).
 DEBUG [a7e83b8b] Running [ -L /srv/chainreact_docs/releases/20180531172631/public ] as deploy@kasper
 DEBUG [a7e83b8b] Command: [ -L /srv/chainreact_docs/releases/20180531172631/public ]
 DEBUG [a7e83b8b] Finished in 0.402 seconds with exit status 1 (failed).
 DEBUG [d85e3e0a] Running [ -d /srv/chainreact_docs/releases/20180531172631/public ] as deploy@kasper
 DEBUG [d85e3e0a] Command: [ -d /srv/chainreact_docs/releases/20180531172631/public ]
 DEBUG [d85e3e0a] Finished in 0.425 seconds with exit status 0 (successful).
  INFO [b0960a51] Running /usr/bin/env rm -rf /srv/chainreact_docs/releases/20180531172631/public as deploy@kasper
 DEBUG [b0960a51] Command: /usr/bin/env rm -rf /srv/chainreact_docs/releases/20180531172631/public
  INFO [b0960a51] Finished in 0.401 seconds with exit status 0 (successful).
  INFO [55466d62] Running /usr/bin/env ln -s /srv/chainreact_docs/shared/public /srv/chainreact_docs/releases/20180531172631/public as deploy@kasper
 DEBUG [55466d62] Command: /usr/bin/env ln -s /srv/chainreact_docs/shared/public /srv/chainreact_docs/releases/20180531172631/public
  INFO [55466d62] Finished in 0.400 seconds with exit status 0 (successful).
 DEBUG [6ea0414c] Running [ -L /srv/chainreact_docs/releases/20180531172631/config ] as deploy@kasper
 DEBUG [6ea0414c] Command: [ -L /srv/chainreact_docs/releases/20180531172631/config ]
 DEBUG [6ea0414c] Finished in 0.406 seconds with exit status 1 (failed).
 DEBUG [feac627d] Running [ -d /srv/chainreact_docs/releases/20180531172631/config ] as deploy@kasper
 DEBUG [feac627d] Command: [ -d /srv/chainreact_docs/releases/20180531172631/config ]
 DEBUG [feac627d] Finished in 0.404 seconds with exit status 0 (successful).
  INFO [0d098790] Running /usr/bin/env rm -rf /srv/chainreact_docs/releases/20180531172631/config as deploy@kasper
 DEBUG [0d098790] Command: /usr/bin/env rm -rf /srv/chainreact_docs/releases/20180531172631/config
  INFO [0d098790] Finished in 0.407 seconds with exit status 0 (successful).
  INFO [0435563d] Running /usr/bin/env ln -s /srv/chainreact_docs/shared/config /srv/chainreact_docs/releases/20180531172631/config as deploy@kasper
 DEBUG [0435563d] Command: /usr/bin/env ln -s /srv/chainreact_docs/shared/config /srv/chainreact_docs/releases/20180531172631/config
  INFO [0435563d] Finished in 0.415 seconds with exit status 0 (successful).
 DEBUG [3b8e82d1] Running if test ! -d /srv/chainreact_docs/releases/20180531172631; then echo "Directory does not exist '/srv/chainreact_docs/releases/20180531172631'" 1>&2; false; fi as deploy@kasper
 DEBUG [3b8e82d1] Command: if test ! -d /srv/chainreact_docs/releases/20180531172631; then echo "Directory does not exist '/srv/chainreact_docs/releases/20180531172631'" 1>&2; false; fi
 DEBUG [3b8e82d1] Finished in 0.402 seconds with exit status 0 (successful).
 DEBUG [f0b826a2] Running /usr/local/rvm/bin/rvm default do bundle check --path /srv/chainreact_docs/shared/bundle as deploy@kasper
 DEBUG [f0b826a2] Command: cd /srv/chainreact_docs/releases/20180531172631 && /usr/local/rvm/bin/rvm default do bundle check --path /srv/chainreact_docs/shared/bundle
 DEBUG [f0b826a2] 	Bundler can't satisfy your Gemfile's dependencies.
Install missing gems with `bundle install`.
 DEBUG [f0b826a2] Finished in 0.794 seconds with exit status 1 (failed).
  INFO [9065ee6d] Running /usr/local/rvm/bin/rvm default do bundle install --path /srv/chainreact_docs/shared/bundle --without development test --deployment --quiet as deploy@kasper
 DEBUG [9065ee6d] Command: cd /srv/chainreact_docs/releases/20180531172631 && /usr/local/rvm/bin/rvm default do bundle install --path /srv/chainreact_docs/shared/bundle --without development test --deployment --quiet
 DEBUG [9065ee6d] 	You are trying to install in deployment mode after changing
your Gemfile. Run `bundle install` elsewhere and add the
updated Gemfile.lock to version control.

The list of sources changed
The dependencies in your gemfile changed
The gemspecs for path gems changed

You have added to the Gemfile:
* source: source at `./vendor/decko`
* card
* cardname
* capistrano
* capistrano-bundler
* capistrano-git-with-submodules (~> 2.0)
* capistrano-passenger
* capistrano-rvm

You have deleted from the Gemfile:
* rails (= 5.1)
  INFO ---------------------------------------------------------------------------
  INFO START 2018-05-31 14:10:44 -0400 cap production deploy
  INFO ---------------------------------------------------------------------------
 DEBUG [1b758401] Running /usr/bin/env which passenger as deploy@kasper
 DEBUG [1b758401] Command: /usr/bin/env which passenger
 DEBUG [1b758401] Finished in 1.586 seconds with exit status 1 (failed).
 DEBUG [a28c4cc3] Running /usr/local/rvm/bin/rvm version as deploy@kasper
 DEBUG [a28c4cc3] Command: /usr/local/rvm/bin/rvm version
 DEBUG [a28c4cc3] 	rvm 1.29.3 (master) by Michal Papis, Piotr Kuczynski, Wayne E. Seguin [https://rvm.io]
 DEBUG [a28c4cc3] Finished in 0.540 seconds with exit status 0 (successful).
 DEBUG [f26a1b59] Running /usr/local/rvm/bin/rvm current as deploy@kasper
 DEBUG [f26a1b59] Command: /usr/local/rvm/bin/rvm current
 DEBUG [f26a1b59] 	ruby-2.5.1
 DEBUG [f26a1b59] Finished in 0.546 seconds with exit status 0 (successful).
 DEBUG [69694eb7] Running /usr/local/rvm/bin/rvm default do ruby --version as deploy@kasper
 DEBUG [69694eb7] Command: /usr/local/rvm/bin/rvm default do ruby --version
 DEBUG [69694eb7] 	ruby 2.5.1p57 (2018-03-29 revision 63029) [x86_64-linux]
 DEBUG [69694eb7] Finished in 0.617 seconds with exit status 0 (successful).
  INFO [041e3a89] Running /usr/bin/env mkdir -p /tmp as deploy@kasper
 DEBUG [041e3a89] Command: /usr/bin/env mkdir -p /tmp
  INFO [041e3a89] Finished in 0.420 seconds with exit status 0 (successful).
 DEBUG Uploading /tmp/git-ssh-chainreact_docs-production-ethan.sh 0.0%
  INFO Uploading /tmp/git-ssh-chainreact_docs-production-ethan.sh 100.0%
  INFO [9ffca35b] Running /usr/bin/env chmod 700 /tmp/git-ssh-chainreact_docs-production-ethan.sh as deploy@kasper
 DEBUG [9ffca35b] Command: /usr/bin/env chmod 700 /tmp/git-ssh-chainreact_docs-production-ethan.sh
  INFO [9ffca35b] Finished in 0.424 seconds with exit status 0 (successful).
  INFO [e9933e40] Running /usr/bin/env git ls-remote https://github.com/wikirate/chainreact_docs.git HEAD as deploy@kasper
 DEBUG [e9933e40] Command: ( export GIT_ASKPASS="/bin/echo" GIT_SSH="/tmp/git-ssh-chainreact_docs-production-ethan.sh" ; /usr/bin/env git ls-remote https://github.com/wikirate/chainreact_docs.git HEAD )
 DEBUG [e9933e40] 	f9e999aede350200aeac10d85e78760c37c7bb8b	HEAD
  INFO [e9933e40] Finished in 1.048 seconds with exit status 0 (successful).
  INFO [5c0b5999] Running /usr/bin/env mkdir -p /srv/chainreact_docs/shared /srv/chainreact_docs/releases as deploy@kasper
 DEBUG [5c0b5999] Command: /usr/bin/env mkdir -p /srv/chainreact_docs/shared /srv/chainreact_docs/releases
  INFO [5c0b5999] Finished in 0.423 seconds with exit status 0 (successful).
  INFO [c7774f85] Running /usr/bin/env mkdir -p /srv/chainreact_docs/shared/files /srv/chainreact_docs/shared/public /srv/chainreact_docs/shared/config as deploy@kasper
 DEBUG [c7774f85] Command: /usr/bin/env mkdir -p /srv/chainreact_docs/shared/files /srv/chainreact_docs/shared/public /srv/chainreact_docs/shared/config
  INFO [c7774f85] Finished in 0.422 seconds with exit status 0 (successful).
 DEBUG [e6c1466c] Running [ -f /srv/chainreact_docs/current/REVISION ] as deploy@kasper
 DEBUG [e6c1466c] Command: [ -f /srv/chainreact_docs/current/REVISION ]
 DEBUG [e6c1466c] Finished in 0.582 seconds with exit status 1 (failed).
 DEBUG [67250d38] Running [ -f /srv/chainreact_docs/repo/HEAD ] as deploy@kasper
 DEBUG [67250d38] Command: [ -f /srv/chainreact_docs/repo/HEAD ]
 DEBUG [67250d38] Finished in 0.358 seconds with exit status 0 (successful).
  INFO The repository mirror is at /srv/chainreact_docs/repo
 DEBUG [adec83b2] Running if test ! -d /srv/chainreact_docs/repo; then echo "Directory does not exist '/srv/chainreact_docs/repo'" 1>&2; false; fi as deploy@kasper
 DEBUG [adec83b2] Command: if test ! -d /srv/chainreact_docs/repo; then echo "Directory does not exist '/srv/chainreact_docs/repo'" 1>&2; false; fi
 DEBUG [adec83b2] Finished in 0.431 seconds with exit status 0 (successful).
  INFO [2ec1019d] Running /usr/bin/env git remote set-url origin https://github.com/wikirate/chainreact_docs.git as deploy@kasper
 DEBUG [2ec1019d] Command: cd /srv/chainreact_docs/repo && ( export GIT_ASKPASS="/bin/echo" GIT_SSH="/tmp/git-ssh-chainreact_docs-production-ethan.sh" ; /usr/bin/env git remote set-url origin https://github.com/wikirate/chainreact_docs.git )
  INFO [2ec1019d] Finished in 0.434 seconds with exit status 0 (successful).
  INFO [90a9d57b] Running /usr/bin/env git remote update --prune as deploy@kasper
 DEBUG [90a9d57b] Command: cd /srv/chainreact_docs/repo && ( export GIT_ASKPASS="/bin/echo" GIT_SSH="/tmp/git-ssh-chainreact_docs-production-ethan.sh" ; /usr/bin/env git remote update --prune )
 DEBUG [90a9d57b] 	Fetching origin
 DEBUG [90a9d57b] 	From https://github.com/wikirate/chainreact_docs
   bf0c2f9..f9e999a  master     -> master
  INFO [90a9d57b] Finished in 1.274 seconds with exit status 0 (successful).
 DEBUG [c8b52d40] Running if test ! -d /srv/chainreact_docs/repo; then echo "Directory does not exist '/srv/chainreact_docs/repo'" 1>&2; false; fi as deploy@kasper
 DEBUG [c8b52d40] Command: if test ! -d /srv/chainreact_docs/repo; then echo "Directory does not exist '/srv/chainreact_docs/repo'" 1>&2; false; fi
 DEBUG [c8b52d40] Finished in 0.419 seconds with exit status 0 (successful).
  INFO [1a33f9f2] Running /usr/bin/env mkdir -p /srv/chainreact_docs/releases/20180531181052 as deploy@kasper
 DEBUG [1a33f9f2] Command: cd /srv/chainreact_docs/repo && ( export GIT_ASKPASS="/bin/echo" GIT_SSH="/tmp/git-ssh-chainreact_docs-production-ethan.sh" ; /usr/bin/env mkdir -p /srv/chainreact_docs/releases/20180531181052 )
  INFO [1a33f9f2] Finished in 0.557 seconds with exit status 0 (successful).
  INFO [d8a8286d] Running /usr/bin/env git archive master | /usr/bin/env tar -x -f - -C /srv/chainreact_docs/releases/20180531181052 as deploy@kasper
 DEBUG [d8a8286d] Command: cd /srv/chainreact_docs/repo && ( export GIT_ASKPASS="/bin/echo" GIT_SSH="/tmp/git-ssh-chainreact_docs-production-ethan.sh" ; /usr/bin/env git archive master | /usr/bin/env tar -x -f - -C /srv/chainreact_docs/releases/20180531181052 )
  INFO [d8a8286d] Finished in 0.424 seconds with exit status 0 (successful).
 DEBUG [a5f6f7d2] Running test -f /srv/chainreact_docs/releases/20180531181052/.gitmodules as deploy@kasper
 DEBUG [a5f6f7d2] Command: ( export GIT_ASKPASS="/bin/echo" GIT_SSH="/tmp/git-ssh-chainreact_docs-production-ethan.sh" GIT_DIR="/srv/chainreact_docs/repo" GIT_WORK_TREE="/srv/chainreact_docs/releases/20180531181052" GIT_INDEX_FILE="/srv/chainreact_docs/releases/20180531181052/TEMP_INDEX_20180531181052" ; test -f /srv/chainreact_docs/releases/20180531181052/.gitmodules )
 DEBUG [a5f6f7d2] Finished in 0.419 seconds with exit status 0 (successful).
 DEBUG [4c340bce] Running if test ! -d /srv/chainreact_docs/releases/20180531181052; then echo "Directory does not exist '/srv/chainreact_docs/releases/20180531181052'" 1>&2; false; fi as deploy@kasper
 DEBUG [4c340bce] Command: if test ! -d /srv/chainreact_docs/releases/20180531181052; then echo "Directory does not exist '/srv/chainreact_docs/releases/20180531181052'" 1>&2; false; fi
 DEBUG [4c340bce] Finished in 0.422 seconds with exit status 0 (successful).
  INFO [78b4f3b4] Running /usr/bin/env git reset --mixed --quiet master -- as deploy@kasper
 DEBUG [78b4f3b4] Command: cd /srv/chainreact_docs/releases/20180531181052 && ( export GIT_ASKPASS="/bin/echo" GIT_SSH="/tmp/git-ssh-chainreact_docs-production-ethan.sh" GIT_DIR="/srv/chainreact_docs/repo" GIT_WORK_TREE="/srv/chainreact_docs/releases/20180531181052" GIT_INDEX_FILE="/srv/chainreact_docs/releases/20180531181052/TEMP_INDEX_20180531181052" ; /usr/bin/env git reset --mixed --quiet master -- )
  INFO [78b4f3b4] Finished in 0.448 seconds with exit status 0 (successful).
  INFO [d1b7167e] Running /usr/bin/env git submodule sync; git submodule update; git submodule sync --recursive; git submodule update --init --checkout --recursive --quiet as deploy@kasper
 DEBUG [d1b7167e] Command: cd /srv/chainreact_docs/releases/20180531181052 && ( export GIT_ASKPASS="/bin/echo" GIT_SSH="/tmp/git-ssh-chainreact_docs-production-ethan.sh" GIT_DIR="/srv/chainreact_docs/repo" GIT_WORK_TREE="/srv/chainreact_docs/releases/20180531181052" GIT_INDEX_FILE="/srv/chainreact_docs/releases/20180531181052/TEMP_INDEX_20180531181052" ; /usr/bin/env git submodule sync; git submodule update; git submodule sync --recursive; git submodule update --init --checkout --recursive --quiet )
 DEBUG [d1b7167e] 	Synchronizing submodule url for 'vendor/decko'
 DEBUG [d1b7167e] 	Submodule path 'vendor/decko': checked out '0920c965509ca26748c74cac3b50fce819582ffb'
 DEBUG [d1b7167e] 	Synchronizing submodule url for 'vendor/decko'
 DEBUG [d1b7167e] 	Synchronizing submodule url for 'vendor/decko/card/db/seed'
Synchronizing submodule url for 'vendor/decko/card/mod/bootstrap/vendor/bootstrap'
Synchronizing submodule url for 'vendor/decko/card/mod/bootstrap/vendor/bootstrap-colorpicker'
Synchronizing submodule url for 'vendor/decko/card/mod/bootstrap/vendor/bootswatch'
Synchronizing submodule url for 'vendor/decko/card/mod/bootstrap/vendor/select2'
Synchronizing submodule url for 'vendor/decko/card/mod/date/vendor/moment'
Synchronizing submodule url for 'vendor/decko/card/mod/date/vendor/tempusdominus'
Synchronizing submodule url for 'vendor/decko/card/mod/machines/vendor/jquery_file_upload'
Synchronizing submodule url for 'vendor/decko/card/mod/machines/vendor/jquery_rails'
Synchronizing submodule url for 'vendor/decko/card/tmpsets'
  INFO [d1b7167e] Finished in 1.276 seconds with exit status 0 (successful).
  INFO [2967ee58] Running /usr/bin/env find /srv/chainreact_docs/releases/20180531181052 -name '.git' | xargs -I {} rm -rf '{}' as deploy@kasper
 DEBUG [2967ee58] Command: cd /srv/chainreact_docs/releases/20180531181052 && ( export GIT_ASKPASS="/bin/echo" GIT_SSH="/tmp/git-ssh-chainreact_docs-production-ethan.sh" GIT_DIR="/srv/chainreact_docs/repo" GIT_WORK_TREE="/srv/chainreact_docs/releases/20180531181052" GIT_INDEX_FILE="/srv/chainreact_docs/releases/20180531181052/TEMP_INDEX_20180531181052" ; /usr/bin/env find /srv/chainreact_docs/releases/20180531181052 -name '.git' | xargs -I {} rm -rf '{}' )
  INFO [2967ee58] Finished in 0.448 seconds with exit status 0 (successful).
  INFO [6a7b5b2d] Running /usr/bin/env rm -f /srv/chainreact_docs/releases/20180531181052/TEMP_INDEX_20180531181052 as deploy@kasper
 DEBUG [6a7b5b2d] Command: cd /srv/chainreact_docs/releases/20180531181052 && ( export GIT_ASKPASS="/bin/echo" GIT_SSH="/tmp/git-ssh-chainreact_docs-production-ethan.sh" GIT_DIR="/srv/chainreact_docs/repo" GIT_WORK_TREE="/srv/chainreact_docs/releases/20180531181052" GIT_INDEX_FILE="/srv/chainreact_docs/releases/20180531181052/TEMP_INDEX_20180531181052" ; /usr/bin/env rm -f /srv/chainreact_docs/releases/20180531181052/TEMP_INDEX_20180531181052 )
  INFO [6a7b5b2d] Finished in 0.421 seconds with exit status 0 (successful).
 DEBUG [c4d97dd4] Running if test ! -d /srv/chainreact_docs/repo; then echo "Directory does not exist '/srv/chainreact_docs/repo'" 1>&2; false; fi as deploy@kasper
 DEBUG [c4d97dd4] Command: if test ! -d /srv/chainreact_docs/repo; then echo "Directory does not exist '/srv/chainreact_docs/repo'" 1>&2; false; fi
 DEBUG [c4d97dd4] Finished in 0.425 seconds with exit status 0 (successful).
 DEBUG [025bc26f] Running /usr/bin/env git rev-list --max-count=1 master as deploy@kasper
 DEBUG [025bc26f] Command: cd /srv/chainreact_docs/repo && ( export GIT_ASKPASS="/bin/echo" GIT_SSH="/tmp/git-ssh-chainreact_docs-production-ethan.sh" ; /usr/bin/env git rev-list --max-count=1 master )
 DEBUG [025bc26f] 	f9e999aede350200aeac10d85e78760c37c7bb8b
 DEBUG [025bc26f] Finished in 0.422 seconds with exit status 0 (successful).
 DEBUG [b19a07e0] Running if test ! -d /srv/chainreact_docs/releases/20180531181052; then echo "Directory does not exist '/srv/chainreact_docs/releases/20180531181052'" 1>&2; false; fi as deploy@kasper
 DEBUG [b19a07e0] Command: if test ! -d /srv/chainreact_docs/releases/20180531181052; then echo "Directory does not exist '/srv/chainreact_docs/releases/20180531181052'" 1>&2; false; fi
 DEBUG [b19a07e0] Finished in 0.423 seconds with exit status 0 (successful).
  INFO [a497dc65] Running /usr/bin/env echo "f9e999aede350200aeac10d85e78760c37c7bb8b" > REVISION as deploy@kasper
 DEBUG [a497dc65] Command: cd /srv/chainreact_docs/releases/20180531181052 && /usr/bin/env echo "f9e999aede350200aeac10d85e78760c37c7bb8b" > REVISION
  INFO [a497dc65] Finished in 0.427 seconds with exit status 0 (successful).
  INFO [c2c8a45a] Running /usr/bin/env mkdir -p /srv/chainreact_docs/releases/20180531181052 as deploy@kasper
 DEBUG [c2c8a45a] Command: /usr/bin/env mkdir -p /srv/chainreact_docs/releases/20180531181052
  INFO [c2c8a45a] Finished in 0.418 seconds with exit status 0 (successful).
 DEBUG [92e5577f] Running [ -L /srv/chainreact_docs/releases/20180531181052/files ] as deploy@kasper
 DEBUG [92e5577f] Command: [ -L /srv/chainreact_docs/releases/20180531181052/files ]
 DEBUG [92e5577f] Finished in 0.466 seconds with exit status 1 (failed).
 DEBUG [a3bdcc64] Running [ -d /srv/chainreact_docs/releases/20180531181052/files ] as deploy@kasper
 DEBUG [a3bdcc64] Command: [ -d /srv/chainreact_docs/releases/20180531181052/files ]
 DEBUG [a3bdcc64] Finished in 0.421 seconds with exit status 1 (failed).
  INFO [be580cc6] Running /usr/bin/env ln -s /srv/chainreact_docs/shared/files /srv/chainreact_docs/releases/20180531181052/files as deploy@kasper
 DEBUG [be580cc6] Command: /usr/bin/env ln -s /srv/chainreact_docs/shared/files /srv/chainreact_docs/releases/20180531181052/files
  INFO [be580cc6] Finished in 0.421 seconds with exit status 0 (successful).
 DEBUG [49540a6d] Running [ -L /srv/chainreact_docs/releases/20180531181052/public ] as deploy@kasper
 DEBUG [49540a6d] Command: [ -L /srv/chainreact_docs/releases/20180531181052/public ]
 DEBUG [49540a6d] Finished in 0.423 seconds with exit status 1 (failed).
 DEBUG [4b80da51] Running [ -d /srv/chainreact_docs/releases/20180531181052/public ] as deploy@kasper
 DEBUG [4b80da51] Command: [ -d /srv/chainreact_docs/releases/20180531181052/public ]
 DEBUG [4b80da51] Finished in 0.423 seconds with exit status 0 (successful).
  INFO [16f121cc] Running /usr/bin/env rm -rf /srv/chainreact_docs/releases/20180531181052/public as deploy@kasper
 DEBUG [16f121cc] Command: /usr/bin/env rm -rf /srv/chainreact_docs/releases/20180531181052/public
  INFO [16f121cc] Finished in 0.423 seconds with exit status 0 (successful).
  INFO [f40153fc] Running /usr/bin/env ln -s /srv/chainreact_docs/shared/public /srv/chainreact_docs/releases/20180531181052/public as deploy@kasper
 DEBUG [f40153fc] Command: /usr/bin/env ln -s /srv/chainreact_docs/shared/public /srv/chainreact_docs/releases/20180531181052/public
  INFO [f40153fc] Finished in 0.444 seconds with exit status 0 (successful).
 DEBUG [b88062a0] Running [ -L /srv/chainreact_docs/releases/20180531181052/config ] as deploy@kasper
 DEBUG [b88062a0] Command: [ -L /srv/chainreact_docs/releases/20180531181052/config ]
 DEBUG [b88062a0] Finished in 0.419 seconds with exit status 1 (failed).
 DEBUG [e99813d7] Running [ -d /srv/chainreact_docs/releases/20180531181052/config ] as deploy@kasper
 DEBUG [e99813d7] Command: [ -d /srv/chainreact_docs/releases/20180531181052/config ]
 DEBUG [e99813d7] Finished in 0.423 seconds with exit status 0 (successful).
  INFO [5321fad9] Running /usr/bin/env rm -rf /srv/chainreact_docs/releases/20180531181052/config as deploy@kasper
 DEBUG [5321fad9] Command: /usr/bin/env rm -rf /srv/chainreact_docs/releases/20180531181052/config
  INFO [5321fad9] Finished in 0.420 seconds with exit status 0 (successful).
  INFO [30c52f8c] Running /usr/bin/env ln -s /srv/chainreact_docs/shared/config /srv/chainreact_docs/releases/20180531181052/config as deploy@kasper
 DEBUG [30c52f8c] Command: /usr/bin/env ln -s /srv/chainreact_docs/shared/config /srv/chainreact_docs/releases/20180531181052/config
  INFO [30c52f8c] Finished in 0.422 seconds with exit status 0 (successful).
 DEBUG [2bbb4566] Running if test ! -d /srv/chainreact_docs/releases/20180531181052; then echo "Directory does not exist '/srv/chainreact_docs/releases/20180531181052'" 1>&2; false; fi as deploy@kasper
 DEBUG [2bbb4566] Command: if test ! -d /srv/chainreact_docs/releases/20180531181052; then echo "Directory does not exist '/srv/chainreact_docs/releases/20180531181052'" 1>&2; false; fi
 DEBUG [2bbb4566] Finished in 0.431 seconds with exit status 0 (successful).
 DEBUG [bae6442d] Running /usr/local/rvm/bin/rvm default do bundle check --path /srv/chainreact_docs/shared/bundle as deploy@kasper
 DEBUG [bae6442d] Command: cd /srv/chainreact_docs/releases/20180531181052 && /usr/local/rvm/bin/rvm default do bundle check --path /srv/chainreact_docs/shared/bundle
 DEBUG [bae6442d] 	The following gems are missing
 * rake (12.3.0)
 DEBUG [bae6442d] 	 * concurrent-ruby (1.0.5)
 * i18n (1.0.1)
 * minitest (5.11.2)
 * thread_safe (0.3.6)
 DEBUG [bae6442d] 	 * tzinfo (1.2.5)
 * activesupport (5.2.0)
 * builder (3.2.3)
 DEBUG [bae6442d] 	 * erubi (1.7.1)
 * mini_portile2 (2.3.0)
 DEBUG [bae6442d] 	 * nokogiri (1.8.2)
 DEBUG [bae6442d] 	 * rails-dom-testing (2.0.3)
 * crass (1.0.4)
 DEBUG [bae6442d] 	 * loofah (2.2.2)
 DEBUG [bae6442d] 	 * rails-html-sanitizer (1.0.4)
 DEBUG [bae6442d] 	 * actionview (5.2.0)
 DEBUG [bae6442d] 	 * rack (2.0.5)
 DEBUG [bae6442d] 	 * rack-test (1.0.0)
 DEBUG [bae6442d] 	 * actionpack (5.2.0)
 DEBUG [bae6442d] 	 * nio4r (2.3.1)
 DEBUG [bae6442d] 	 * websocket-extensions (0.1.3)
 DEBUG [bae6442d] 	 * websocket-driver (0.7.0)
 DEBUG [bae6442d] 	 * actioncable (5.2.0)
 DEBUG [bae6442d] 	 * globalid (0.4.1)
 DEBUG [bae6442d] 	 * activejob (5.2.0)
 * mini_mime (1.0.0)
 DEBUG [bae6442d] 	 * mail (2.7.0)
 DEBUG [bae6442d] 	 * actionmailer (5.2.0)
 DEBUG [bae6442d] 	 * activemodel (5.2.0)
 DEBUG [bae6442d] 	 * arel (9.0.0)
 DEBUG [bae6442d] 	 * activerecord (5.2.0)
 DEBUG [bae6442d] 	 * mimemagic (0.3.2)
 DEBUG [bae6442d] 	 * marcel (0.3.2)
 DEBUG [bae6442d] 	 * activestorage (5.2.0)
 DEBUG [bae6442d] 	 * public_suffix (3.0.2)
 DEBUG [bae6442d] 	 * addressable (2.5.2)
 * net-ssh (4.2.0)
 DEBUG [bae6442d] 	 * net-scp (1.2.1)
 DEBUG [bae6442d] 	 * sshkit (1.16.1)
 DEBUG [bae6442d] 	 * airbrussh (1.3.0)
 DEBUG [bae6442d] 	 * kaminari-core (1.1.1)
 DEBUG [bae6442d] 	 * kaminari-actionview (1.1.1)
 DEBUG [bae6442d] 	 * kaminari-activerecord (1.1.1)
 DEBUG [bae6442d] 	 * kaminari (1.1.1)
 DEBUG [bae6442d] 	 * method_source (0.9.0)
 DEBUG [bae6442d] 	 * thor (0.20.0)
 DEBUG [bae6442d] 	 * railties (5.2.0)
 DEBUG [bae6442d] 	 * sprockets (3.7.1)
 DEBUG [bae6442d] 	 * sprockets-rails (3.2.1)
 DEBUG [bae6442d] 	 * rails (5.2.0)
 DEBUG [bae6442d] 	 * bootstrap4-kaminari-views (1.0.0)
 DEBUG [bae6442d] 	 * buftok (0.2.0)
 DEBUG [bae6442d] 	 * capistrano (3.10.2)
 DEBUG [bae6442d] 	 * capistrano-bundler (1.3.0)
 DEBUG [bae6442d] 	 * capistrano-git-with-submodules (2.0.3)
 DEBUG [bae6442d] 	 * capistrano-passenger (0.2.0)
 DEBUG [bae6442d] 	 * capistrano-rvm (0.1.2)
 DEBUG [bae6442d] 	 * htmlentities (4.3.4)
 * mime-types-data (3.2016.0521)
 DEBUG [bae6442d] 	 * mime-types (3.1)
 * carrierwave (1.2.2)
 DEBUG [bae6442d] 	 * coderay (1.1.2)
 DEBUG [bae6442d] 	 * coffee-script-source (1.12.2)
 DEBUG [bae6442d] 	 * execjs (2.7.0)
 DEBUG [bae6442d] 	 * coffee-script (2.4.1)
 DEBUG [bae6442d] 	 * colorize (0.8.1)
 DEBUG [bae6442d] 	 * delayed_job (4.1.5)
 DEBUG [bae6442d] 	 * delayed_job_active_record (4.1.3)
 DEBUG [bae6442d] 	 * diff-lcs (1.3)
 DEBUG [bae6442d] 	 * temple (0.8.0)
 DEBUG [bae6442d] 	 * tilt (2.0.8)
 DEBUG [bae6442d] 	 * haml (5.0.4)
 DEBUG [bae6442d] 	 * mini_magick (4.8.0)
 DEBUG [bae6442d] 	 * recaptcha (4.8.0)
 DEBUG [bae6442d] 	 * rb-fsevent (0.10.3)
 DEBUG [bae6442d] 	 * ffi (1.9.23)
 DEBUG [bae6442d] 	 * rb-inotify (0.9.10)
 * sass-listen (4.0.0)
 DEBUG [bae6442d] 	 * sass (3.5.6)
 * equalizer (0.0.11)
 DEBUG [bae6442d] 	 * unf_ext (0.0.7.5)
 * unf (0.1.4)
 DEBUG [bae6442d] 	 * domain_name (0.5.20180417)
 DEBUG [bae6442d] 	 * http-cookie (1.0.3)
 DEBUG [bae6442d] 	 * http-form_data (2.1.0)
 DEBUG [bae6442d] 	 * http_parser.rb (0.6.0)
 DEBUG [bae6442d] 	 * http (3.3.0)
 * memoizable (0.4.2)
 DEBUG [bae6442d] 	 * multipart-post (2.0.0)
 * naught (1.1.0)
 DEBUG [bae6442d] 	 * simple_oauth (0.3.1)
 DEBUG [bae6442d] 	 * twitter (6.2.0)
 DEBUG [bae6442d] 	 * uglifier (3.2.0)
 DEBUG [bae6442d] 	 * systemu (2.6.5)
 DEBUG [bae6442d] 	 * macaddr (1.7.1)
 DEBUG [bae6442d] 	 * uuid (2.3.9)
 DEBUG [bae6442d] 	 * dalli (2.7.8)
 DEBUG [bae6442d] 	 * mysql2 (0.4.10)
 DEBUG [bae6442d] 	Install missing gems with `bundle install`
 DEBUG [bae6442d] Finished in 0.964 seconds with exit status 1 (failed).
  INFO [d2c05a0f] Running /usr/local/rvm/bin/rvm default do bundle install --path /srv/chainreact_docs/shared/bundle --without development test --deployment --quiet as deploy@kasper
 DEBUG [d2c05a0f] Command: cd /srv/chainreact_docs/releases/20180531181052 && /usr/local/rvm/bin/rvm default do bundle install --path /srv/chainreact_docs/shared/bundle --without development test --deployment --quiet
  INFO [d2c05a0f] Finished in 53.311 seconds with exit status 0 (successful).
  INFO [a1e1b4fa] Running /usr/bin/env sudo /opt/bin/deploy_chown /srv/chainreact_docs/releases/20180531181052 as deploy@kasper
 DEBUG [a1e1b4fa] Command: /usr/bin/env sudo /opt/bin/deploy_chown /srv/chainreact_docs/releases/20180531181052
 DEBUG [a1e1b4fa] 	chown: cannot access '/srv/chainreact_docs/releases/20180531181052/tmp': No such file or directory
 DEBUG [a1e1b4fa] 	touch: cannot touch '/srv/chainreact_docs/releases/20180531181052/log/production.log': No such file or directory
 DEBUG [a1e1b4fa] 	chown: cannot access '/srv/chainreact_docs/releases/20180531181052/log'
 DEBUG [a1e1b4fa] 	: No such file or directory
 DEBUG [a1e1b4fa] 	chmod: cannot access '/srv/chainreact_docs/releases/20180531181052/log'
 DEBUG [a1e1b4fa] 	: No such file or directory
 DEBUG [a1e1b4fa] 	chmod: cannot access '/srv/chainreact_docs/releases/20180531181052/log': No such file or directory
  INFO ---------------------------------------------------------------------------
  INFO START 2018-05-31 14:22:32 -0400 cap production deploy
  INFO ---------------------------------------------------------------------------
 DEBUG [61c31810] Running /usr/bin/env which passenger as deploy@kasper
 DEBUG [61c31810] Command: /usr/bin/env which passenger
 DEBUG [61c31810] Finished in 1.591 seconds with exit status 1 (failed).
 DEBUG [f10b0798] Running /usr/local/rvm/bin/rvm version as deploy@kasper
 DEBUG [f10b0798] Command: /usr/local/rvm/bin/rvm version
 DEBUG [f10b0798] 	rvm 1.29.3 (master) by Michal Papis, Piotr Kuczynski, Wayne E. Seguin [https://rvm.io]
 DEBUG [f10b0798] Finished in 0.539 seconds with exit status 0 (successful).
 DEBUG [e54bd448] Running /usr/local/rvm/bin/rvm current as deploy@kasper
 DEBUG [e54bd448] Command: /usr/local/rvm/bin/rvm current
 DEBUG [e54bd448] 	ruby-2.5.1
 DEBUG [e54bd448] Finished in 0.533 seconds with exit status 0 (successful).
 DEBUG [27e1677a] Running /usr/local/rvm/bin/rvm default do ruby --version as deploy@kasper
 DEBUG [27e1677a] Command: /usr/local/rvm/bin/rvm default do ruby --version
 DEBUG [27e1677a] 	ruby 2.5.1p57 (2018-03-29 revision 63029) [x86_64-linux]
 DEBUG [27e1677a] Finished in 0.607 seconds with exit status 0 (successful).
  INFO [806d3642] Running /usr/bin/env mkdir -p /tmp as deploy@kasper
 DEBUG [806d3642] Command: /usr/bin/env mkdir -p /tmp
  INFO [806d3642] Finished in 0.423 seconds with exit status 0 (successful).
 DEBUG Uploading /tmp/git-ssh-chainreact_docs-production-ethan.sh 0.0%
  INFO Uploading /tmp/git-ssh-chainreact_docs-production-ethan.sh 100.0%
  INFO [8f70638a] Running /usr/bin/env chmod 700 /tmp/git-ssh-chainreact_docs-production-ethan.sh as deploy@kasper
 DEBUG [8f70638a] Command: /usr/bin/env chmod 700 /tmp/git-ssh-chainreact_docs-production-ethan.sh
  INFO [8f70638a] Finished in 0.422 seconds with exit status 0 (successful).
  INFO [9880c70a] Running /usr/bin/env git ls-remote https://github.com/wikirate/chainreact_docs.git HEAD as deploy@kasper
 DEBUG [9880c70a] Command: ( export GIT_ASKPASS="/bin/echo" GIT_SSH="/tmp/git-ssh-chainreact_docs-production-ethan.sh" ; /usr/bin/env git ls-remote https://github.com/wikirate/chainreact_docs.git HEAD )
 DEBUG [9880c70a] 	f9e999aede350200aeac10d85e78760c37c7bb8b	HEAD
  INFO [9880c70a] Finished in 1.095 seconds with exit status 0 (successful).
  INFO [4ccecb27] Running /usr/bin/env mkdir -p /srv/chainreact_docs/shared /srv/chainreact_docs/releases as deploy@kasper
 DEBUG [4ccecb27] Command: /usr/bin/env mkdir -p /srv/chainreact_docs/shared /srv/chainreact_docs/releases
  INFO [4ccecb27] Finished in 0.423 seconds with exit status 0 (successful).
  INFO [0fcae374] Running /usr/bin/env mkdir -p /srv/chainreact_docs/shared/files /srv/chainreact_docs/shared/public /srv/chainreact_docs/shared/config as deploy@kasper
 DEBUG [0fcae374] Command: /usr/bin/env mkdir -p /srv/chainreact_docs/shared/files /srv/chainreact_docs/shared/public /srv/chainreact_docs/shared/config
  INFO [0fcae374] Finished in 0.420 seconds with exit status 0 (successful).
 DEBUG [f21f0c40] Running [ -f /srv/chainreact_docs/current/REVISION ] as deploy@kasper
 DEBUG [f21f0c40] Command: [ -f /srv/chainreact_docs/current/REVISION ]
 DEBUG [f21f0c40] Finished in 0.415 seconds with exit status 1 (failed).
 DEBUG [857614d8] Running [ -f /srv/chainreact_docs/repo/HEAD ] as deploy@kasper
 DEBUG [857614d8] Command: [ -f /srv/chainreact_docs/repo/HEAD ]
 DEBUG [857614d8] Finished in 0.489 seconds with exit status 0 (successful).
  INFO The repository mirror is at /srv/chainreact_docs/repo
 DEBUG [a97fd7f8] Running if test ! -d /srv/chainreact_docs/repo; then echo "Directory does not exist '/srv/chainreact_docs/repo'" 1>&2; false; fi as deploy@kasper
 DEBUG [a97fd7f8] Command: if test ! -d /srv/chainreact_docs/repo; then echo "Directory does not exist '/srv/chainreact_docs/repo'" 1>&2; false; fi
 DEBUG [a97fd7f8] Finished in 0.422 seconds with exit status 0 (successful).
  INFO [7d188d66] Running /usr/bin/env git remote set-url origin https://github.com/wikirate/chainreact_docs.git as deploy@kasper
 DEBUG [7d188d66] Command: cd /srv/chainreact_docs/repo && ( export GIT_ASKPASS="/bin/echo" GIT_SSH="/tmp/git-ssh-chainreact_docs-production-ethan.sh" ; /usr/bin/env git remote set-url origin https://github.com/wikirate/chainreact_docs.git )
  INFO [7d188d66] Finished in 0.440 seconds with exit status 0 (successful).
  INFO [637832ce] Running /usr/bin/env git remote update --prune as deploy@kasper
 DEBUG [637832ce] Command: cd /srv/chainreact_docs/repo && ( export GIT_ASKPASS="/bin/echo" GIT_SSH="/tmp/git-ssh-chainreact_docs-production-ethan.sh" ; /usr/bin/env git remote update --prune )
 DEBUG [637832ce] 	Fetching origin
  INFO [637832ce] Finished in 1.054 seconds with exit status 0 (successful).
 DEBUG [237f6089] Running if test ! -d /srv/chainreact_docs/repo; then echo "Directory does not exist '/srv/chainreact_docs/repo'" 1>&2; false; fi as deploy@kasper
 DEBUG [237f6089] Command: if test ! -d /srv/chainreact_docs/repo; then echo "Directory does not exist '/srv/chainreact_docs/repo'" 1>&2; false; fi
 DEBUG [237f6089] Finished in 0.419 seconds with exit status 0 (successful).
  INFO [44c6a445] Running /usr/bin/env mkdir -p /srv/chainreact_docs/releases/20180531182239 as deploy@kasper
 DEBUG [44c6a445] Command: cd /srv/chainreact_docs/repo && ( export GIT_ASKPASS="/bin/echo" GIT_SSH="/tmp/git-ssh-chainreact_docs-production-ethan.sh" ; /usr/bin/env mkdir -p /srv/chainreact_docs/releases/20180531182239 )
  INFO [44c6a445] Finished in 0.531 seconds with exit status 0 (successful).
  INFO [c82e5174] Running /usr/bin/env git archive master | /usr/bin/env tar -x -f - -C /srv/chainreact_docs/releases/20180531182239 as deploy@kasper
 DEBUG [c82e5174] Command: cd /srv/chainreact_docs/repo && ( export GIT_ASKPASS="/bin/echo" GIT_SSH="/tmp/git-ssh-chainreact_docs-production-ethan.sh" ; /usr/bin/env git archive master | /usr/bin/env tar -x -f - -C /srv/chainreact_docs/releases/20180531182239 )
  INFO [c82e5174] Finished in 0.423 seconds with exit status 0 (successful).
 DEBUG [632d706d] Running test -f /srv/chainreact_docs/releases/20180531182239/.gitmodules as deploy@kasper
 DEBUG [632d706d] Command: ( export GIT_ASKPASS="/bin/echo" GIT_SSH="/tmp/git-ssh-chainreact_docs-production-ethan.sh" GIT_DIR="/srv/chainreact_docs/repo" GIT_WORK_TREE="/srv/chainreact_docs/releases/20180531182239" GIT_INDEX_FILE="/srv/chainreact_docs/releases/20180531182239/TEMP_INDEX_20180531182239" ; test -f /srv/chainreact_docs/releases/20180531182239/.gitmodules )
 DEBUG [632d706d] Finished in 0.428 seconds with exit status 0 (successful).
 DEBUG [a6aa2152] Running if test ! -d /srv/chainreact_docs/releases/20180531182239; then echo "Directory does not exist '/srv/chainreact_docs/releases/20180531182239'" 1>&2; false; fi as deploy@kasper
 DEBUG [a6aa2152] Command: if test ! -d /srv/chainreact_docs/releases/20180531182239; then echo "Directory does not exist '/srv/chainreact_docs/releases/20180531182239'" 1>&2; false; fi
 DEBUG [a6aa2152] Finished in 0.419 seconds with exit status 0 (successful).
  INFO [a410a986] Running /usr/bin/env git reset --mixed --quiet master -- as deploy@kasper
 DEBUG [a410a986] Command: cd /srv/chainreact_docs/releases/20180531182239 && ( export GIT_ASKPASS="/bin/echo" GIT_SSH="/tmp/git-ssh-chainreact_docs-production-ethan.sh" GIT_DIR="/srv/chainreact_docs/repo" GIT_WORK_TREE="/srv/chainreact_docs/releases/20180531182239" GIT_INDEX_FILE="/srv/chainreact_docs/releases/20180531182239/TEMP_INDEX_20180531182239" ; /usr/bin/env git reset --mixed --quiet master -- )
  INFO [a410a986] Finished in 0.587 seconds with exit status 0 (successful).
  INFO [a89aba0a] Running /usr/bin/env git submodule sync; git submodule update; git submodule sync --recursive; git submodule update --init --checkout --recursive --quiet as deploy@kasper
 DEBUG [a89aba0a] Command: cd /srv/chainreact_docs/releases/20180531182239 && ( export GIT_ASKPASS="/bin/echo" GIT_SSH="/tmp/git-ssh-chainreact_docs-production-ethan.sh" GIT_DIR="/srv/chainreact_docs/repo" GIT_WORK_TREE="/srv/chainreact_docs/releases/20180531182239" GIT_INDEX_FILE="/srv/chainreact_docs/releases/20180531182239/TEMP_INDEX_20180531182239" ; /usr/bin/env git submodule sync; git submodule update; git submodule sync --recursive; git submodule update --init --checkout --recursive --quiet )
 DEBUG [a89aba0a] 	Synchronizing submodule url for 'vendor/decko'
 DEBUG [a89aba0a] 	Submodule path 'vendor/decko': checked out '0920c965509ca26748c74cac3b50fce819582ffb'
 DEBUG [a89aba0a] 	Synchronizing submodule url for 'vendor/decko'
 DEBUG [a89aba0a] 	Synchronizing submodule url for 'vendor/decko/card/db/seed'
Synchronizing submodule url for 'vendor/decko/card/mod/bootstrap/vendor/bootstrap'
Synchronizing submodule url for 'vendor/decko/card/mod/bootstrap/vendor/bootstrap-colorpicker'
Synchronizing submodule url for 'vendor/decko/card/mod/bootstrap/vendor/bootswatch'
Synchronizing submodule url for 'vendor/decko/card/mod/bootstrap/vendor/select2'
Synchronizing submodule url for 'vendor/decko/card/mod/date/vendor/moment'
Synchronizing submodule url for 'vendor/decko/card/mod/date/vendor/tempusdominus'
Synchronizing submodule url for 'vendor/decko/card/mod/machines/vendor/jquery_file_upload'
Synchronizing submodule url for 'vendor/decko/card/mod/machines/vendor/jquery_rails'
Synchronizing submodule url for 'vendor/decko/card/tmpsets'
  INFO [a89aba0a] Finished in 1.157 seconds with exit status 0 (successful).
  INFO [42f92f1b] Running /usr/bin/env find /srv/chainreact_docs/releases/20180531182239 -name '.git' | xargs -I {} rm -rf '{}' as deploy@kasper
 DEBUG [42f92f1b] Command: cd /srv/chainreact_docs/releases/20180531182239 && ( export GIT_ASKPASS="/bin/echo" GIT_SSH="/tmp/git-ssh-chainreact_docs-production-ethan.sh" GIT_DIR="/srv/chainreact_docs/repo" GIT_WORK_TREE="/srv/chainreact_docs/releases/20180531182239" GIT_INDEX_FILE="/srv/chainreact_docs/releases/20180531182239/TEMP_INDEX_20180531182239" ; /usr/bin/env find /srv/chainreact_docs/releases/20180531182239 -name '.git' | xargs -I {} rm -rf '{}' )
  INFO [42f92f1b] Finished in 0.446 seconds with exit status 0 (successful).
  INFO [a48cf181] Running /usr/bin/env rm -f /srv/chainreact_docs/releases/20180531182239/TEMP_INDEX_20180531182239 as deploy@kasper
 DEBUG [a48cf181] Command: cd /srv/chainreact_docs/releases/20180531182239 && ( export GIT_ASKPASS="/bin/echo" GIT_SSH="/tmp/git-ssh-chainreact_docs-production-ethan.sh" GIT_DIR="/srv/chainreact_docs/repo" GIT_WORK_TREE="/srv/chainreact_docs/releases/20180531182239" GIT_INDEX_FILE="/srv/chainreact_docs/releases/20180531182239/TEMP_INDEX_20180531182239" ; /usr/bin/env rm -f /srv/chainreact_docs/releases/20180531182239/TEMP_INDEX_20180531182239 )
  INFO [a48cf181] Finished in 0.427 seconds with exit status 0 (successful).
 DEBUG [b2b9bdbf] Running if test ! -d /srv/chainreact_docs/repo; then echo "Directory does not exist '/srv/chainreact_docs/repo'" 1>&2; false; fi as deploy@kasper
 DEBUG [b2b9bdbf] Command: if test ! -d /srv/chainreact_docs/repo; then echo "Directory does not exist '/srv/chainreact_docs/repo'" 1>&2; false; fi
 DEBUG [b2b9bdbf] Finished in 0.419 seconds with exit status 0 (successful).
 DEBUG [e5dfef0a] Running /usr/bin/env git rev-list --max-count=1 master as deploy@kasper
 DEBUG [e5dfef0a] Command: cd /srv/chainreact_docs/repo && ( export GIT_ASKPASS="/bin/echo" GIT_SSH="/tmp/git-ssh-chainreact_docs-production-ethan.sh" ; /usr/bin/env git rev-list --max-count=1 master )
 DEBUG [e5dfef0a] 	f9e999aede350200aeac10d85e78760c37c7bb8b
 DEBUG [e5dfef0a] Finished in 0.590 seconds with exit status 0 (successful).
 DEBUG [94cca12a] Running if test ! -d /srv/chainreact_docs/releases/20180531182239; then echo "Directory does not exist '/srv/chainreact_docs/releases/20180531182239'" 1>&2; false; fi as deploy@kasper
 DEBUG [94cca12a] Command: if test ! -d /srv/chainreact_docs/releases/20180531182239; then echo "Directory does not exist '/srv/chainreact_docs/releases/20180531182239'" 1>&2; false; fi
 DEBUG [94cca12a] Finished in 0.418 seconds with exit status 0 (successful).
  INFO [a8e36d41] Running /usr/bin/env echo "f9e999aede350200aeac10d85e78760c37c7bb8b" > REVISION as deploy@kasper
 DEBUG [a8e36d41] Command: cd /srv/chainreact_docs/releases/20180531182239 && /usr/bin/env echo "f9e999aede350200aeac10d85e78760c37c7bb8b" > REVISION
  INFO [a8e36d41] Finished in 0.422 seconds with exit status 0 (successful).
  INFO [833d52d0] Running /usr/bin/env mkdir -p /srv/chainreact_docs/releases/20180531182239 as deploy@kasper
 DEBUG [833d52d0] Command: /usr/bin/env mkdir -p /srv/chainreact_docs/releases/20180531182239
  INFO [833d52d0] Finished in 0.420 seconds with exit status 0 (successful).
 DEBUG [77a0b4a6] Running [ -L /srv/chainreact_docs/releases/20180531182239/files ] as deploy@kasper
 DEBUG [77a0b4a6] Command: [ -L /srv/chainreact_docs/releases/20180531182239/files ]
 DEBUG [77a0b4a6] Finished in 0.423 seconds with exit status 1 (failed).
 DEBUG [85434637] Running [ -d /srv/chainreact_docs/releases/20180531182239/files ] as deploy@kasper
 DEBUG [85434637] Command: [ -d /srv/chainreact_docs/releases/20180531182239/files ]
 DEBUG [85434637] Finished in 0.418 seconds with exit status 1 (failed).
  INFO [cc5175a2] Running /usr/bin/env ln -s /srv/chainreact_docs/shared/files /srv/chainreact_docs/releases/20180531182239/files as deploy@kasper
 DEBUG [cc5175a2] Command: /usr/bin/env ln -s /srv/chainreact_docs/shared/files /srv/chainreact_docs/releases/20180531182239/files
  INFO [cc5175a2] Finished in 0.459 seconds with exit status 0 (successful).
 DEBUG [5789f74e] Running [ -L /srv/chainreact_docs/releases/20180531182239/public ] as deploy@kasper
 DEBUG [5789f74e] Command: [ -L /srv/chainreact_docs/releases/20180531182239/public ]
 DEBUG [5789f74e] Finished in 0.453 seconds with exit status 1 (failed).
 DEBUG [38110669] Running [ -d /srv/chainreact_docs/releases/20180531182239/public ] as deploy@kasper
 DEBUG [38110669] Command: [ -d /srv/chainreact_docs/releases/20180531182239/public ]
 DEBUG [38110669] Finished in 0.421 seconds with exit status 0 (successful).
  INFO [604958a2] Running /usr/bin/env rm -rf /srv/chainreact_docs/releases/20180531182239/public as deploy@kasper
 DEBUG [604958a2] Command: /usr/bin/env rm -rf /srv/chainreact_docs/releases/20180531182239/public
  INFO [604958a2] Finished in 0.449 seconds with exit status 0 (successful).
  INFO [494a2c23] Running /usr/bin/env ln -s /srv/chainreact_docs/shared/public /srv/chainreact_docs/releases/20180531182239/public as deploy@kasper
 DEBUG [494a2c23] Command: /usr/bin/env ln -s /srv/chainreact_docs/shared/public /srv/chainreact_docs/releases/20180531182239/public
  INFO [494a2c23] Finished in 0.420 seconds with exit status 0 (successful).
 DEBUG [aab64f16] Running [ -L /srv/chainreact_docs/releases/20180531182239/config ] as deploy@kasper
 DEBUG [aab64f16] Command: [ -L /srv/chainreact_docs/releases/20180531182239/config ]
 DEBUG [aab64f16] Finished in 0.423 seconds with exit status 1 (failed).
 DEBUG [796ec7ad] Running [ -d /srv/chainreact_docs/releases/20180531182239/config ] as deploy@kasper
 DEBUG [796ec7ad] Command: [ -d /srv/chainreact_docs/releases/20180531182239/config ]
 DEBUG [796ec7ad] Finished in 0.419 seconds with exit status 0 (successful).
  INFO [6668437b] Running /usr/bin/env rm -rf /srv/chainreact_docs/releases/20180531182239/config as deploy@kasper
 DEBUG [6668437b] Command: /usr/bin/env rm -rf /srv/chainreact_docs/releases/20180531182239/config
  INFO [6668437b] Finished in 0.424 seconds with exit status 0 (successful).
  INFO [f7558c39] Running /usr/bin/env ln -s /srv/chainreact_docs/shared/config /srv/chainreact_docs/releases/20180531182239/config as deploy@kasper
 DEBUG [f7558c39] Command: /usr/bin/env ln -s /srv/chainreact_docs/shared/config /srv/chainreact_docs/releases/20180531182239/config
  INFO [f7558c39] Finished in 0.419 seconds with exit status 0 (successful).
 DEBUG [058f351d] Running if test ! -d /srv/chainreact_docs/releases/20180531182239; then echo "Directory does not exist '/srv/chainreact_docs/releases/20180531182239'" 1>&2; false; fi as deploy@kasper
 DEBUG [058f351d] Command: if test ! -d /srv/chainreact_docs/releases/20180531182239; then echo "Directory does not exist '/srv/chainreact_docs/releases/20180531182239'" 1>&2; false; fi
 DEBUG [058f351d] Finished in 0.416 seconds with exit status 0 (successful).
 DEBUG [f43c1ed2] Running /usr/local/rvm/bin/rvm default do bundle check --path /srv/chainreact_docs/shared/bundle as deploy@kasper
 DEBUG [f43c1ed2] Command: cd /srv/chainreact_docs/releases/20180531182239 && /usr/local/rvm/bin/rvm default do bundle check --path /srv/chainreact_docs/shared/bundle
 DEBUG [f43c1ed2] 	The following gems are missing
 * net-ssh (4.2.0)
 * net-scp (1.2.1)
 DEBUG [f43c1ed2] 	 * sshkit (1.16.1)
 * airbrussh (1.3.0)
 * capistrano (3.10.2)
 * capistrano-bundler (1.3.0)
 * capistrano-git-with-submodules (2.0.3)
 * capistrano-passenger (0.2.0)
 * capistrano-rvm (0.1.2)
 DEBUG [f43c1ed2] 	Install missing gems with `bundle install`
 DEBUG [f43c1ed2] Finished in 0.846 seconds with exit status 1 (failed).
  INFO [2ee014c0] Running /usr/local/rvm/bin/rvm default do bundle install --path /srv/chainreact_docs/shared/bundle --without development test --deployment --quiet as deploy@kasper
 DEBUG [2ee014c0] Command: cd /srv/chainreact_docs/releases/20180531182239 && /usr/local/rvm/bin/rvm default do bundle install --path /srv/chainreact_docs/shared/bundle --without development test --deployment --quiet
  INFO [2ee014c0] Finished in 1.695 seconds with exit status 0 (successful).
  INFO [77eb361c] Running /usr/bin/env sudo /opt/bin/deploy_chown /srv/chainreact_docs/releases/20180531182239 as deploy@kasper
 DEBUG [77eb361c] Command: /usr/bin/env sudo /opt/bin/deploy_chown /srv/chainreact_docs/releases/20180531182239
 DEBUG [77eb361c] 	chown: cannot access '/srv/chainreact_docs/releases/20180531182239/tmp': No such file or directory
 DEBUG [77eb361c] 	touch: cannot touch '/srv/chainreact_docs/releases/20180531182239/log/production.log': No such file or directory
 DEBUG [77eb361c] 	chown: cannot access '/srv/chainreact_docs/releases/20180531182239/log': No such file or directory
 DEBUG [77eb361c] 	chmod: cannot access '/srv/chainreact_docs/releases/20180531182239/log': No such file or directory
 DEBUG [77eb361c] 	chmod: cannot access '/srv/chainreact_docs/releases/20180531182239/log': No such file or directory
